2021/12/16 10:20:10 [notice] 1#1: using the "epoll" event method
2021/12/16 10:20:10 [notice] 1#1: nginx/1.21.4
2021/12/16 10:20:10 [notice] 1#1: built by gcc 10.2.1 20210110 (Debian 10.2.1-6) 
2021/12/16 10:20:10 [notice] 1#1: OS: Linux 5.10.47-linuxkit
2021/12/16 10:20:10 [notice] 1#1: getrlimit(RLIMIT_NOFILE): 1048576:1048576
2021/12/16 10:20:10 [notice] 1#1: start worker processes
2021/12/16 10:20:10 [notice] 1#1: start worker process 26
2021/12/16 10:20:10 [notice] 1#1: start worker process 27
2021/12/16 10:20:10 [notice] 1#1: start worker process 28
2021/12/16 10:20:10 [notice] 1#1: start worker process 29
2021/12/16 10:26:06 [notice] 1#1: signal 3 (SIGQUIT) received, shutting down
2021/12/16 10:26:06 [notice] 26#26: gracefully shutting down
2021/12/16 10:26:06 [notice] 26#26: exiting
2021/12/16 10:26:06 [notice] 27#27: gracefully shutting down
2021/12/16 10:26:06 [notice] 27#27: exiting
2021/12/16 10:26:06 [notice] 28#28: gracefully shutting down
2021/12/16 10:26:06 [notice] 28#28: exiting
2021/12/16 10:26:06 [notice] 29#29: gracefully shutting down
2021/12/16 10:26:06 [notice] 29#29: exiting
2021/12/16 10:26:06 [notice] 26#26: exit
2021/12/16 10:26:06 [notice] 27#27: exit
2021/12/16 10:26:06 [notice] 28#28: exit
2021/12/16 10:26:06 [notice] 29#29: exit
2021/12/16 10:26:06 [notice] 1#1: signal 17 (SIGCHLD) received from 26
2021/12/16 10:26:06 [notice] 1#1: worker process 26 exited with code 0
2021/12/16 10:26:06 [notice] 1#1: worker process 27 exited with code 0
2021/12/16 10:26:06 [notice] 1#1: signal 29 (SIGIO) received
2021/12/16 10:26:06 [notice] 1#1: signal 17 (SIGCHLD) received from 28
2021/12/16 10:26:06 [notice] 1#1: worker process 28 exited with code 0
2021/12/16 10:26:06 [notice] 1#1: worker process 29 exited with code 0
2021/12/16 10:26:06 [notice] 1#1: exit
